2019-11-11 14:53:34 DEBUG BasicTypeRegistry:156 - Adding type registration java.lang.Short -> org.hibernate.type.ShortType@3bcd05cb
2019-11-11 14:53:34 DEBUG BasicTypeRegistry:156 - Adding type registration integer -> org.hibernate.type.IntegerType@7975d1d8
2019-11-11 14:53:34 DEBUG BasicTypeRegistry:156 - Adding type registration int -> org.hibernate.type.IntegerType@7975d1d8
2019-11-11 14:53:34 DEBUG BasicTypeRegistry:156 - Adding type registration java.lang.Integer -> org.hibernate.type.IntegerType@7975d1d8
2019-11-11 14:53:34 DEBUG BasicTypeRegistry:156 - Adding type registration long -> org.hibernate.type.LongType@50029372
2019-11-11 14:53:34 DEBUG BasicTypeRegistry:156 - Adding type registration long -> org.hibernate.type.LongType@50029372
2019-11-11 14:53:34 DEBUG BasicTypeRegistry:156 - Adding type registration java.lang.Long -> org.hibernate.type.LongType@50029372
2019-11-11 14:53:34 DEBUG BasicTypeRegistry:156 - Adding type registration float -> org.hibernate.type.FloatType@5038d0b5
2019-11-11 14:53:34 DEBUG BasicTypeRegistry:156 - Adding type registration float -> org.hibernate.type.FloatType@5038d0b5
2019-11-11 14:53:34 DEBUG BasicTypeRegistry:156 - Adding type registration java.lang.Float -> org.hibernate.type.FloatType@5038d0b5
2019-11-11 14:53:34 DEBUG BasicTypeRegistry:156 - Adding type registration double -> org.hibernate.type.DoubleType@61710c6
2019-11-11 14:53:34 DEBUG BasicTypeRegistry:156 - Adding type registration double -> org.hibernate.type.DoubleType@61710c6
2019-11-11 14:53:34 DEBUG BasicTypeRegistry:156 - Adding type registration java.lang.Double -> org.hibernate.type.DoubleType@61710c6
2019-11-11 14:53:34 DEBUG BasicTypeRegistry:156 - Adding type registration big_decimal -> org.hibernate.type.BigDecimalType@5f9edf14
2019-11-11 14:53:34 DEBUG BasicTypeRegistry:156 - Adding type registration java.math.BigDecimal -> org.hibernate.type.BigDecimalType@5f9edf14
2019-11-11 14:53:34 DEBUG BasicTypeRegistry:156 - Adding type registration big_integer -> org.hibernate.type.BigIntegerType@7ac296f6
2019-11-11 14:53:34 DEBUG BasicTypeRegistry:156 - Adding type registration java.math.BigInteger -> org.hibernate.type.BigIntegerType@7ac296f6
2019-11-11 14:53:34 DEBUG BasicTypeRegistry:156 - Adding type registration string -> org.hibernate.type.StringType@79defdc
2019-11-11 14:53:34 DEBUG BasicTypeRegistry:156 - Adding type registration java.lang.String -> org.hibernate.type.StringType@79defdc
2019-11-11 14:53:34 DEBUG BasicTypeRegistry:156 - Adding type registration nstring -> org.hibernate.type.StringNVarcharType@4b86805d
2019-11-11 14:53:34 DEBUG BasicTypeRegistry:156 - Adding type registration ncharacter -> org.hibernate.type.CharacterNCharType@76b07f29
2019-11-11 14:53:34 DEBUG BasicTypeRegistry:156 - Adding type registration url -> org.hibernate.type.UrlType@7d61eb55
2019-11-11 14:53:34 DEBUG BasicTypeRegistry:156 - Adding type registration java.net.URL -> org.hibernate.type.UrlType@7d61eb55
2019-11-11 14:53:34 DEBUG BasicTypeRegistry:156 - Adding type registration Duration -> org.hibernate.type.DurationType@638ef7ed
2019-11-11 14:53:34 DEBUG BasicTypeRegistry:156 - Adding type registration java.time.Duration -> org.hibernate.type.DurationType@638ef7ed
2019-11-11 14:53:34 DEBUG BasicTypeRegistry:156 - Adding type registration Instant -> org.hibernate.type.InstantType@b86de0d
2019-11-11 14:53:34 DEBUG BasicTypeRegistry:156 - Adding type registration java.time.Instant -> org.hibernate.type.InstantType@b86de0d
2019-11-11 14:53:34 DEBUG BasicTypeRegistry:156 - Adding type registration LocalDateTime -> org.hibernate.type.LocalDateTimeType@2ca923bb
2019-11-11 14:53:34 DEBUG BasicTypeRegistry:156 - Adding type registration java.time.LocalDateTime -> org.hibernate.type.LocalDateTimeType@2ca923bb
2019-11-11 14:53:34 DEBUG BasicTypeRegistry:156 - Adding type registration LocalDate -> org.hibernate.type.LocalDateType@51bf5add
2019-11-11 14:53:34 DEBUG BasicTypeRegistry:156 - Adding type registration java.time.LocalDate -> org.hibernate.type.LocalDateType@51bf5add
2019-11-11 14:53:34 DEBUG BasicTypeRegistry:156 - Adding type registration LocalTime -> org.hibernate.type.LocalTimeType@c667f46
2019-11-11 14:53:34 DEBUG BasicTypeRegistry:156 - Adding type registration java.time.LocalTime -> org.hibernate.type.LocalTimeType@c667f46
2019-11-11 14:53:34 DEBUG BasicTypeRegistry:156 - Adding type registration OffsetDateTime -> org.hibernate.type.OffsetDateTimeType@77659b30
2019-11-11 14:53:34 DEBUG BasicTypeRegistry:156 - Adding type registration java.time.OffsetDateTime -> org.hibernate.type.OffsetDateTimeType@77659b30
2019-11-11 14:53:34 DEBUG BasicTypeRegistry:156 - Adding type registration OffsetTime -> org.hibernate.type.OffsetTimeType@3cfdd820
2019-11-11 14:53:34 DEBUG BasicTypeRegistry:156 - Adding type registration java.time.OffsetTime -> org.hibernate.type.OffsetTimeType@3cfdd820
2019-11-11 14:53:34 DEBUG BasicTypeRegistry:156 - Adding type registration ZonedDateTime -> org.hibernate.type.ZonedDateTimeType@19976a65
2019-11-11 14:53:34 DEBUG BasicTypeRegistry:156 - Adding type registration java.time.ZonedDateTime -> org.hibernate.type.ZonedDateTimeType@19976a65
2019-11-11 14:53:34 DEBUG BasicTypeRegistry:156 - Adding type registration date -> org.hibernate.type.DateType@56dc1551
2019-11-11 14:53:34 DEBUG BasicTypeRegistry:156 - Adding type registration java.sql.Date -> org.hibernate.type.DateType@56dc1551
2019-11-11 14:53:34 DEBUG BasicTypeRegistry:156 - Adding type registration time -> org.hibernate.type.TimeType@30b6ffe0
2019-11-11 14:53:34 DEBUG BasicTypeRegistry:156 - Adding type registration java.sql.Time -> org.hibernate.type.TimeType@30b6ffe0
2019-11-11 14:53:34 DEBUG BasicTypeRegistry:156 - Adding type registration timestamp -> org.hibernate.type.TimestampType@7ba8c737
2019-11-11 14:53:34 DEBUG BasicTypeRegistry:156 - Adding type registration java.sql.Timestamp -> org.hibernate.type.TimestampType@7ba8c737
2019-11-11 14:53:34 DEBUG BasicTypeRegistry:156 - Adding type registration java.util.Date -> org.hibernate.type.TimestampType@7ba8c737
2019-11-11 14:53:34 DEBUG BasicTypeRegistry:156 - Adding type registration dbtimestamp -> org.hibernate.type.DbTimestampType@2bec854f
2019-11-11 14:53:34 DEBUG BasicTypeRegistry:156 - Adding type registration calendar -> org.hibernate.type.CalendarType@6f3187b0
2019-11-11 14:53:34 DEBUG BasicTypeRegistry:156 - Adding type registration java.util.Calendar -> org.hibernate.type.CalendarType@6f3187b0
2019-11-11 14:53:34 DEBUG BasicTypeRegistry:156 - Adding type registration java.util.GregorianCalendar -> org.hibernate.type.CalendarType@6f3187b0
2019-11-11 14:53:34 DEBUG BasicTypeRegistry:156 - Adding type registration calendar_date -> org.hibernate.type.CalendarDateType@42e25b0b
2019-11-11 14:53:34 DEBUG BasicTypeRegistry:156 - Adding type registration locale -> org.hibernate.type.LocaleType@51a9ad5e
2019-11-11 14:53:34 DEBUG BasicTypeRegistry:156 - Adding type registration java.util.Locale -> org.hibernate.type.LocaleType@51a9ad5e
2019-11-11 14:53:34 DEBUG BasicTypeRegistry:156 - Adding type registration currency -> org.hibernate.type.CurrencyType@560348e6
2019-11-11 14:53:34 DEBUG BasicTypeRegistry:156 - Adding type registration java.util.Currency -> org.hibernate.type.CurrencyType@560348e6
2019-11-11 14:53:34 DEBUG BasicTypeRegistry:156 - Adding type registration timezone -> org.hibernate.type.TimeZoneType@7f284218
2019-11-11 14:53:34 DEBUG BasicTypeRegistry:156 - Adding type registration java.util.TimeZone -> org.hibernate.type.TimeZoneType@7f284218
2019-11-11 14:53:34 DEBUG BasicTypeRegistry:156 - Adding type registration class -> org.hibernate.type.ClassType@723e88f9
2019-11-11 14:53:34 DEBUG BasicTypeRegistry:156 - Adding type registration java.lang.Class -> org.hibernate.type.ClassType@723e88f9
2019-11-11 14:53:34 DEBUG BasicTypeRegistry:156 - Adding type registration uuid-binary -> org.hibernate.type.UUIDBinaryType@f627d13
2019-11-11 14:53:34 DEBUG BasicTypeRegistry:156 - Adding type registration java.util.UUID -> org.hibernate.type.UUIDBinaryType@f627d13
2019-11-11 14:53:34 DEBUG BasicTypeRegistry:156 - Adding type registration uuid-char -> org.hibernate.type.UUIDCharType@2e32ccc5
2019-11-11 14:53:34 DEBUG BasicTypeRegistry:156 - Adding type registration binary -> org.hibernate.type.BinaryType@1b266842
2019-11-11 14:53:34 DEBUG BasicTypeRegistry:156 - Adding type registration byte[] -> org.hibernate.type.BinaryType@1b266842
2019-11-11 14:53:34 DEBUG BasicTypeRegistry:156 - Adding type registration [B -> org.hibernate.type.BinaryType@1b266842
2019-11-11 14:53:34 DEBUG BasicTypeRegistry:156 - Adding type registration wrapper-binary -> org.hibernate.type.WrapperBinaryType@6692b6c6
2019-11-11 14:53:34 DEBUG BasicTypeRegistry:156 - Adding type registration Byte[] -> org.hibernate.type.WrapperBinaryType@6692b6c6
2019-11-11 14:53:34 DEBUG BasicTypeRegistry:156 - Adding type registration [Ljava.lang.Byte; -> org.hibernate.type.WrapperBinaryType@6692b6c6
2019-11-11 14:53:34 DEBUG BasicTypeRegistry:156 - Adding type registration row_version -> org.hibernate.type.RowVersionType@50313382
2019-11-11 14:53:34 DEBUG BasicTypeRegistry:156 - Adding type registration image -> org.hibernate.type.ImageType@4d518b32
2019-11-11 14:53:34 DEBUG BasicTypeRegistry:156 - Adding type registration characters -> org.hibernate.type.CharArrayType@11d8ae8b
2019-11-11 14:53:34 DEBUG BasicTypeRegistry:156 - Adding type registration char[] -> org.hibernate.type.CharArrayType@11d8ae8b
2019-11-11 14:53:34 DEBUG BasicTypeRegistry:156 - Adding type registration [C -> org.hibernate.type.CharArrayType@11d8ae8b
2019-11-11 14:53:34 DEBUG BasicTypeRegistry:156 - Adding type registration wrapper-characters -> org.hibernate.type.CharacterArrayType@2fba3fc4
2019-11-11 14:53:34 DEBUG BasicTypeRegistry:156 - Adding type registration [Ljava.lang.Character; -> org.hibernate.type.CharacterArrayType@2fba3fc4
2019-11-11 14:53:34 DEBUG BasicTypeRegistry:156 - Adding type registration Character[] -> org.hibernate.type.CharacterArrayType@2fba3fc4
2019-11-11 14:53:34 DEBUG BasicTypeRegistry:156 - Adding type registration text -> org.hibernate.type.TextType@62833051
2019-11-11 14:53:34 DEBUG BasicTypeRegistry:156 - Adding type registration ntext -> org.hibernate.type.NTextType@266374ef
2019-11-11 14:53:34 DEBUG BasicTypeRegistry:156 - Adding type registration blob -> org.hibernate.type.BlobType@28b46423
2019-11-11 14:53:34 DEBUG BasicTypeRegistry:156 - Adding type registration java.sql.Blob -> org.hibernate.type.BlobType@28b46423
2019-11-11 14:53:34 DEBUG BasicTypeRegistry:156 - Adding type registration materialized_blob -> org.hibernate.type.MaterializedBlobType@43599640
2019-11-11 14:53:34 DEBUG BasicTypeRegistry:156 - Adding type registration clob -> org.hibernate.type.ClobType@26df6e3a
2019-11-11 14:53:34 DEBUG BasicTypeRegistry:156 - Adding type registration java.sql.Clob -> org.hibernate.type.ClobType@26df6e3a
2019-11-11 14:53:34 DEBUG BasicTypeRegistry:156 - Adding type registration nclob -> org.hibernate.type.NClobType@27e47833
2019-11-11 14:53:34 DEBUG BasicTypeRegistry:156 - Adding type registration java.sql.NClob -> org.hibernate.type.NClobType@27e47833
2019-11-11 14:53:34 DEBUG BasicTypeRegistry:156 - Adding type registration materialized_clob -> org.hibernate.type.MaterializedClobType@4b5189ac
2019-11-11 14:53:34 DEBUG BasicTypeRegistry:156 - Adding type registration materialized_nclob -> org.hibernate.type.MaterializedNClobType@379614be
2019-11-11 14:53:34 DEBUG BasicTypeRegistry:156 - Adding type registration serializable -> org.hibernate.type.SerializableType@658c5a19
2019-11-11 14:53:34 DEBUG BasicTypeRegistry:156 - Adding type registration object -> org.hibernate.type.ObjectType@58594a11
2019-11-11 14:53:34 DEBUG BasicTypeRegistry:156 - Adding type registration java.lang.Object -> org.hibernate.type.ObjectType@58594a11
2019-11-11 14:53:34 DEBUG BasicTypeRegistry:156 - Adding type registration imm_date -> org.hibernate.type.AdaptedImmutableType@6e15fe2
2019-11-11 14:53:34 DEBUG BasicTypeRegistry:156 - Adding type registration imm_time -> org.hibernate.type.AdaptedImmutableType@68f1b17f
2019-11-11 14:53:34 DEBUG BasicTypeRegistry:156 - Adding type registration imm_timestamp -> org.hibernate.type.AdaptedImmutableType@1722011b
2019-11-11 14:53:34 DEBUG BasicTypeRegistry:156 - Adding type registration imm_dbtimestamp -> org.hibernate.type.AdaptedImmutableType@57ad2aa7
2019-11-11 14:53:34 DEBUG BasicTypeRegistry:156 - Adding type registration imm_calendar -> org.hibernate.type.AdaptedImmutableType@5b3f61ff
2019-11-11 14:53:34 DEBUG BasicTypeRegistry:156 - Adding type registration imm_calendar_date -> org.hibernate.type.AdaptedImmutableType@3e2059ae
2019-11-11 14:53:34 DEBUG BasicTypeRegistry:156 - Adding type registration imm_binary -> org.hibernate.type.AdaptedImmutableType@398dada8
2019-11-11 14:53:34 DEBUG BasicTypeRegistry:156 - Adding type registration imm_serializable -> org.hibernate.type.AdaptedImmutableType@7cb502c
2019-11-11 14:53:34 WARN  pooling:72 - HHH10001002: Using Hibernate built-in connection pool (not for production use!)
2019-11-11 14:53:34 INFO  pooling:115 - HHH10001005: using driver [com.mysql.cj.jdbc.Driver] at URL [jdbc:mysql://10.0.16.10/student-group-teacher]
2019-11-11 14:53:34 INFO  pooling:124 - HHH10001001: Connection properties: {user=megataiger}
2019-11-11 14:53:34 INFO  pooling:129 - HHH10001003: Autocommit mode: false
2019-11-11 14:53:34 INFO  DriverManagerConnectionProviderImpl:239 - HHH000115: Hibernate connection pool size: 20 (min=1)
2019-11-11 14:53:34 INFO  Dialect:172 - HHH000400: Using dialect: org.hibernate.dialect.MySQLDialect
2019-11-11 14:53:34 DEBUG TypeConfiguration$Scope:152 - Scoping TypeConfiguration [org.hibernate.type.spi.TypeConfiguration@172ca72b] to MetadataBuildingContext [org.hibernate.boot.internal.MetadataBuildingContextRootImpl@5bda80bf]
2019-11-11 14:53:34 DEBUG EnumType:126 - Using NAMED-based conversion for Enum objectForStrokeBase.Gender
2019-11-11 14:53:34 DEBUG EnumType:126 - Using NAMED-based conversion for Enum objectForStrokeBase.Gender
2019-11-11 14:53:35 DEBUG EnumType:126 - Using NAMED-based conversion for Enum objectForStrokeBase.Gender
2019-11-11 14:53:35 DEBUG EnumType:126 - Using NAMED-based conversion for Enum objectForStrokeBase.Gender
2019-11-11 14:53:35 DEBUG TypeConfiguration$Scope:157 - Scoping TypeConfiguration [org.hibernate.type.spi.TypeConfiguration@172ca72b] to SessionFactoryImpl [org.hibernate.internal.SessionFactoryImpl@60723d6a]
2019-11-11 14:53:35 DEBUG EnumType:126 - Using NAMED-based conversion for Enum objectForStrokeBase.Gender
2019-11-11 14:53:35 DEBUG EnumType:126 - Using NAMED-based conversion for Enum objectForStrokeBase.Gender
2019-11-11 14:53:35 DEBUG EnumType:126 - Using NAMED-based conversion for Enum objectForStrokeBase.Gender
2019-11-11 14:53:35 DEBUG EnumType:126 - Using NAMED-based conversion for Enum objectForStrokeBase.Gender
2019-11-11 14:53:35 DEBUG EnumType:126 - Using NAMED-based conversion for Enum objectForStrokeBase.Gender
2019-11-11 14:53:35 DEBUG EnumType:126 - Using NAMED-based conversion for Enum objectForStrokeBase.Gender
2019-11-11 14:53:35 DEBUG EnumType:126 - Using NAMED-based conversion for Enum objectForStrokeBase.Gender
2019-11-11 14:53:35 DEBUG EnumType:126 - Using NAMED-based conversion for Enum objectForStrokeBase.Gender
2019-11-11 14:53:35 DEBUG EnumType:126 - Using NAMED-based conversion for Enum objectForStrokeBase.Gender
2019-11-11 14:53:35 DEBUG EnumType:126 - Using NAMED-based conversion for Enum objectForStrokeBase.Gender
2019-11-11 14:53:35 DEBUG EnumType:126 - Using NAMED-based conversion for Enum objectForStrokeBase.Gender
2019-11-11 14:53:35 DEBUG EnumType:126 - Using NAMED-based conversion for Enum objectForStrokeBase.Gender
2019-11-11 14:53:35 INFO  access:47 - HHH10001501: Connection obtained from JdbcConnectionAccess [org.hibernate.engine.jdbc.env.internal.JdbcEnvironmentInitiator$ConnectionProviderJdbcConnectionAccess@43af351a] for (non-JTA) DDL execution was not in auto-commit mode; the Connection 'local transaction' will be committed and the Connection will be set into auto-commit mode.
2019-11-11 14:53:35 INFO  JtaPlatformInitiator:52 - HHH000490: Using JtaPlatform implementation: [org.hibernate.engine.transaction.jta.platform.internal.NoJtaPlatform]
2019-11-11 14:53:35 TRACE TypeConfiguration$Scope:205 - Handling #sessionFactoryCreated from [org.hibernate.internal.SessionFactoryImpl@60723d6a] for TypeConfiguration
2019-11-11 14:53:42 DEBUG SQL:103 - select teacher0_.id as id1_3_, teacher0_.birthday as birthday2_3_, teacher0_.gender as gender3_3_, teacher0_.name as name4_3_ from teacher teacher0_
2019-11-11 14:53:42 TRACE BasicExtractor:60 - extracted value ([id1_3_] : [INTEGER]) - [29]
2019-11-11 14:53:42 TRACE BasicExtractor:60 - extracted value ([birthday2_3_] : [DATE]) - [2015-11-12]
2019-11-11 14:53:42 TRACE BasicExtractor:60 - extracted value ([gender3_3_] : [VARCHAR]) - [MAN]
2019-11-11 14:53:42 TRACE BasicExtractor:60 - extracted value ([name4_3_] : [VARCHAR]) - [Лукомксий Дмитрий Сергеевич]
2019-11-11 14:53:42 TRACE BasicExtractor:60 - extracted value ([id1_3_] : [INTEGER]) - [30]
2019-11-11 14:53:42 TRACE BasicExtractor:60 - extracted value ([birthday2_3_] : [DATE]) - [1980-06-27]
2019-11-11 14:53:42 TRACE BasicExtractor:60 - extracted value ([gender3_3_] : [VARCHAR]) - [WOMAN]
2019-11-11 14:53:42 TRACE BasicExtractor:60 - extracted value ([name4_3_] : [VARCHAR]) - [Амелина Юлия Викторовна]
2019-11-11 14:53:42 TRACE BasicExtractor:60 - extracted value ([id1_3_] : [INTEGER]) - [31]
2019-11-11 14:53:42 TRACE BasicExtractor:60 - extracted value ([birthday2_3_] : [DATE]) - [1985-10-15]
2019-11-11 14:53:42 TRACE BasicExtractor:60 - extracted value ([gender3_3_] : [VARCHAR]) - [MAN]
2019-11-11 14:53:42 TRACE BasicExtractor:60 - extracted value ([name4_3_] : [VARCHAR]) - [Понкратов Илья Алексеевич]
2019-11-11 14:53:42 TRACE CollectionType:817 - Created collection wrapper: [objectForStrokeBase.Teacher.groups#29]
2019-11-11 14:53:42 TRACE CollectionType:817 - Created collection wrapper: [objectForStrokeBase.Teacher.groups#30]
2019-11-11 14:53:42 TRACE CollectionType:817 - Created collection wrapper: [objectForStrokeBase.Teacher.groups#31]
2019-11-11 14:53:51 DEBUG SQL:103 - select teacher0_.id as id1_3_0_, teacher0_.birthday as birthday2_3_0_, teacher0_.gender as gender3_3_0_, teacher0_.name as name4_3_0_ from teacher teacher0_ where teacher0_.id=?
2019-11-11 14:53:51 TRACE BasicBinder:64 - binding parameter [1] as [INTEGER] - [29]
2019-11-11 14:53:51 TRACE BasicExtractor:60 - extracted value ([birthday2_3_0_] : [DATE]) - [2015-11-12]
2019-11-11 14:53:51 TRACE BasicExtractor:60 - extracted value ([gender3_3_0_] : [VARCHAR]) - [MAN]
2019-11-11 14:53:51 TRACE BasicExtractor:60 - extracted value ([name4_3_0_] : [VARCHAR]) - [Лукомксий Дмитрий Сергеевич]
2019-11-11 14:53:51 TRACE CollectionType:817 - Created collection wrapper: [objectForStrokeBase.Teacher.groups#29]
2019-11-11 14:54:00 DEBUG SQL:103 - select teacher0_.id as id1_3_0_, teacher0_.birthday as birthday2_3_0_, teacher0_.gender as gender3_3_0_, teacher0_.name as name4_3_0_ from teacher teacher0_ where teacher0_.id=?
2019-11-11 14:54:00 TRACE BasicBinder:64 - binding parameter [1] as [INTEGER] - [29]
2019-11-11 14:54:00 TRACE BasicExtractor:60 - extracted value ([birthday2_3_0_] : [DATE]) - [2015-11-12]
2019-11-11 14:54:00 TRACE BasicExtractor:60 - extracted value ([gender3_3_0_] : [VARCHAR]) - [MAN]
2019-11-11 14:54:00 TRACE BasicExtractor:60 - extracted value ([name4_3_0_] : [VARCHAR]) - [Лукомксий Дмитрий Сергеевич]
2019-11-11 14:54:00 TRACE CollectionType:817 - Created collection wrapper: [objectForStrokeBase.Teacher.groups#29]
2019-11-11 14:54:00 DEBUG SQL:103 - update teacher set birthday=?, gender=?, name=? where id=?
2019-11-11 14:54:00 TRACE BasicBinder:64 - binding parameter [1] as [DATE] - [1978-02-10]
2019-11-11 14:54:00 TRACE BasicBinder:64 - binding parameter [2] as [VARCHAR] - [MAN]
2019-11-11 14:54:00 TRACE BasicBinder:64 - binding parameter [3] as [VARCHAR] - [Лукомксий Дмитрий Сергеевич]
2019-11-11 14:54:00 TRACE BasicBinder:64 - binding parameter [4] as [INTEGER] - [29]
2019-11-11 14:54:01 DEBUG SQL:103 - select teacher0_.id as id1_3_, teacher0_.birthday as birthday2_3_, teacher0_.gender as gender3_3_, teacher0_.name as name4_3_ from teacher teacher0_
2019-11-11 14:54:01 TRACE BasicExtractor:60 - extracted value ([id1_3_] : [INTEGER]) - [29]
2019-11-11 14:54:01 TRACE BasicExtractor:60 - extracted value ([birthday2_3_] : [DATE]) - [1978-02-10]
2019-11-11 14:54:01 TRACE BasicExtractor:60 - extracted value ([gender3_3_] : [VARCHAR]) - [MAN]
2019-11-11 14:54:01 TRACE BasicExtractor:60 - extracted value ([name4_3_] : [VARCHAR]) - [Лукомксий Дмитрий Сергеевич]
2019-11-11 14:54:01 TRACE BasicExtractor:60 - extracted value ([id1_3_] : [INTEGER]) - [30]
2019-11-11 14:54:01 TRACE BasicExtractor:60 - extracted value ([birthday2_3_] : [DATE]) - [1980-06-27]
2019-11-11 14:54:01 TRACE BasicExtractor:60 - extracted value ([gender3_3_] : [VARCHAR]) - [WOMAN]
2019-11-11 14:54:01 TRACE BasicExtractor:60 - extracted value ([name4_3_] : [VARCHAR]) - [Амелина Юлия Викторовна]
2019-11-11 14:54:01 TRACE BasicExtractor:60 - extracted value ([id1_3_] : [INTEGER]) - [31]
2019-11-11 14:54:01 TRACE BasicExtractor:60 - extracted value ([birthday2_3_] : [DATE]) - [1985-10-15]
2019-11-11 14:54:01 TRACE BasicExtractor:60 - extracted value ([gender3_3_] : [VARCHAR]) - [MAN]
2019-11-11 14:54:01 TRACE BasicExtractor:60 - extracted value ([name4_3_] : [VARCHAR]) - [Понкратов Илья Алексеевич]
2019-11-11 14:54:01 TRACE CollectionType:817 - Created collection wrapper: [objectForStrokeBase.Teacher.groups#29]
2019-11-11 14:54:01 TRACE CollectionType:817 - Created collection wrapper: [objectForStrokeBase.Teacher.groups#30]
2019-11-11 14:54:01 TRACE CollectionType:817 - Created collection wrapper: [objectForStrokeBase.Teacher.groups#31]
2019-11-11 14:54:17 DEBUG SQL:103 - select teacher0_.id as id1_3_0_, teacher0_.birthday as birthday2_3_0_, teacher0_.gender as gender3_3_0_, teacher0_.name as name4_3_0_ from teacher teacher0_ where teacher0_.id=?
2019-11-11 14:54:17 TRACE BasicBinder:64 - binding parameter [1] as [INTEGER] - [31]
2019-11-11 14:54:17 TRACE BasicExtractor:60 - extracted value ([birthday2_3_0_] : [DATE]) - [1985-10-15]
2019-11-11 14:54:17 TRACE BasicExtractor:60 - extracted value ([gender3_3_0_] : [VARCHAR]) - [MAN]
2019-11-11 14:54:17 TRACE BasicExtractor:60 - extracted value ([name4_3_0_] : [VARCHAR]) - [Понкратов Илья Алексеевич]
2019-11-11 14:54:17 TRACE CollectionType:817 - Created collection wrapper: [objectForStrokeBase.Teacher.groups#31]
2019-11-11 14:54:21 DEBUG SQL:103 - select teacher0_.id as id1_3_0_, teacher0_.birthday as birthday2_3_0_, teacher0_.gender as gender3_3_0_, teacher0_.name as name4_3_0_ from teacher teacher0_ where teacher0_.id=?
2019-11-11 14:54:21 TRACE BasicBinder:64 - binding parameter [1] as [INTEGER] - [31]
2019-11-11 14:54:21 TRACE BasicExtractor:60 - extracted value ([birthday2_3_0_] : [DATE]) - [1985-10-15]
2019-11-11 14:54:21 TRACE BasicExtractor:60 - extracted value ([gender3_3_0_] : [VARCHAR]) - [MAN]
2019-11-11 14:54:21 TRACE BasicExtractor:60 - extracted value ([name4_3_0_] : [VARCHAR]) - [Понкратов Илья Алексеевич]
2019-11-11 14:54:21 TRACE CollectionType:817 - Created collection wrapper: [objectForStrokeBase.Teacher.groups#31]
2019-11-11 14:54:21 DEBUG SQL:103 - delete from group_teacher where teacher_id=?
2019-11-11 14:54:21 TRACE BasicBinder:64 - binding parameter [1] as [INTEGER] - [31]
2019-11-11 14:54:21 DEBUG SQL:103 - delete from teacher where id=?
2019-11-11 14:54:21 TRACE BasicBinder:64 - binding parameter [1] as [INTEGER] - [31]
2019-11-11 14:54:24 DEBUG SQL:103 - select teacher0_.id as id1_3_, teacher0_.birthday as birthday2_3_, teacher0_.gender as gender3_3_, teacher0_.name as name4_3_ from teacher teacher0_
2019-11-11 14:54:24 TRACE BasicExtractor:60 - extracted value ([id1_3_] : [INTEGER]) - [29]
2019-11-11 14:54:24 TRACE BasicExtractor:60 - extracted value ([birthday2_3_] : [DATE]) - [1978-02-10]
2019-11-11 14:54:24 TRACE BasicExtractor:60 - extracted value ([gender3_3_] : [VARCHAR]) - [MAN]
2019-11-11 14:54:24 TRACE BasicExtractor:60 - extracted value ([name4_3_] : [VARCHAR]) - [Лукомксий Дмитрий Сергеевич]
2019-11-11 14:54:24 TRACE BasicExtractor:60 - extracted value ([id1_3_] : [INTEGER]) - [30]
2019-11-11 14:54:24 TRACE BasicExtractor:60 - extracted value ([birthday2_3_] : [DATE]) - [1980-06-27]
2019-11-11 14:54:24 TRACE BasicExtractor:60 - extracted value ([gender3_3_] : [VARCHAR]) - [WOMAN]
2019-11-11 14:54:24 TRACE BasicExtractor:60 - extracted value ([name4_3_] : [VARCHAR]) - [Амелина Юлия Викторовна]
2019-11-11 14:54:24 TRACE CollectionType:817 - Created collection wrapper: [objectForStrokeBase.Teacher.groups#29]
2019-11-11 14:54:24 TRACE CollectionType:817 - Created collection wrapper: [objectForStrokeBase.Teacher.groups#30]
2019-11-11 14:54:33 DEBUG SQL:103 - select teacher0_.id as id1_3_0_, teacher0_.birthday as birthday2_3_0_, teacher0_.gender as gender3_3_0_, teacher0_.name as name4_3_0_ from teacher teacher0_ where teacher0_.id=?
2019-11-11 14:54:33 TRACE BasicBinder:64 - binding parameter [1] as [INTEGER] - [30]
2019-11-11 14:54:33 TRACE BasicExtractor:60 - extracted value ([birthday2_3_0_] : [DATE]) - [1980-06-27]
2019-11-11 14:54:33 TRACE BasicExtractor:60 - extracted value ([gender3_3_0_] : [VARCHAR]) - [WOMAN]
2019-11-11 14:54:33 TRACE BasicExtractor:60 - extracted value ([name4_3_0_] : [VARCHAR]) - [Амелина Юлия Викторовна]
2019-11-11 14:54:33 TRACE CollectionType:817 - Created collection wrapper: [objectForStrokeBase.Teacher.groups#30]
2019-11-11 14:54:33 DEBUG SQL:103 - select groups0_.teacher_id as teacher_2_1_0_, groups0_.group_id as group_id1_1_0_, group1_.id as id1_0_1_, group1_.number as number2_0_1_ from group_teacher groups0_ inner join `group` group1_ on groups0_.group_id=group1_.id where groups0_.teacher_id=?
2019-11-11 14:54:33 TRACE BasicBinder:64 - binding parameter [1] as [INTEGER] - [30]
2019-11-11 14:54:33 TRACE BasicExtractor:60 - extracted value ([id1_0_1_] : [INTEGER]) - [52]
2019-11-11 14:54:33 TRACE BasicExtractor:60 - extracted value ([number2_0_1_] : [INTEGER]) - [421]
2019-11-11 14:54:33 TRACE BasicExtractor:60 - extracted value ([teacher_2_1_0_] : [INTEGER]) - [30]
2019-11-11 14:54:33 TRACE BasicExtractor:60 - extracted value ([group_id1_1_0_] : [INTEGER]) - [52]
2019-11-11 14:54:33 TRACE CollectionType:817 - Created collection wrapper: [objectForStrokeBase.Group.students#52]
2019-11-11 14:54:33 TRACE CollectionType:817 - Created collection wrapper: [objectForStrokeBase.Group.teachers#52]
2019-11-11 14:54:37 DEBUG SQL:103 - select teacher0_.id as id1_3_0_, teacher0_.birthday as birthday2_3_0_, teacher0_.gender as gender3_3_0_, teacher0_.name as name4_3_0_ from teacher teacher0_ where teacher0_.id=?
2019-11-11 14:54:37 TRACE BasicBinder:64 - binding parameter [1] as [INTEGER] - [30]
2019-11-11 14:54:37 TRACE BasicExtractor:60 - extracted value ([birthday2_3_0_] : [DATE]) - [1980-06-27]
2019-11-11 14:54:37 TRACE BasicExtractor:60 - extracted value ([gender3_3_0_] : [VARCHAR]) - [WOMAN]
2019-11-11 14:54:37 TRACE BasicExtractor:60 - extracted value ([name4_3_0_] : [VARCHAR]) - [Амелина Юлия Викторовна]
2019-11-11 14:54:37 TRACE CollectionType:817 - Created collection wrapper: [objectForStrokeBase.Teacher.groups#30]
2019-11-11 14:54:42 DEBUG SQL:103 - select group0_.id as id1_0_, group0_.number as number2_0_ from `group` group0_ where group0_.number=?
2019-11-11 14:54:42 TRACE BasicBinder:64 - binding parameter [1] as [INTEGER] - [451]
2019-11-11 14:54:42 TRACE BasicExtractor:60 - extracted value ([id1_0_] : [INTEGER]) - [59]
2019-11-11 14:54:42 TRACE BasicExtractor:60 - extracted value ([number2_0_] : [INTEGER]) - [451]
2019-11-11 14:54:42 TRACE CollectionType:817 - Created collection wrapper: [objectForStrokeBase.Group.students#59]
2019-11-11 14:54:42 TRACE CollectionType:817 - Created collection wrapper: [objectForStrokeBase.Group.teachers#59]
2019-11-11 14:54:42 DEBUG SQL:103 - select groups0_.teacher_id as teacher_2_1_0_, groups0_.group_id as group_id1_1_0_, group1_.id as id1_0_1_, group1_.number as number2_0_1_ from group_teacher groups0_ inner join `group` group1_ on groups0_.group_id=group1_.id where groups0_.teacher_id=?
2019-11-11 14:54:42 TRACE BasicBinder:64 - binding parameter [1] as [INTEGER] - [30]
2019-11-11 14:54:42 TRACE BasicExtractor:60 - extracted value ([id1_0_1_] : [INTEGER]) - [52]
2019-11-11 14:54:42 TRACE BasicExtractor:60 - extracted value ([number2_0_1_] : [INTEGER]) - [421]
2019-11-11 14:54:42 TRACE BasicExtractor:60 - extracted value ([teacher_2_1_0_] : [INTEGER]) - [30]
2019-11-11 14:54:42 TRACE BasicExtractor:60 - extracted value ([group_id1_1_0_] : [INTEGER]) - [52]
2019-11-11 14:54:42 TRACE CollectionType:817 - Created collection wrapper: [objectForStrokeBase.Group.students#52]
2019-11-11 14:54:42 TRACE CollectionType:817 - Created collection wrapper: [objectForStrokeBase.Group.teachers#52]
2019-11-11 14:54:42 DEBUG SQL:103 - select teacher0_.id as id1_3_0_, teacher0_.birthday as birthday2_3_0_, teacher0_.gender as gender3_3_0_, teacher0_.name as name4_3_0_ from teacher teacher0_ where teacher0_.id=?
2019-11-11 14:54:42 TRACE BasicBinder:64 - binding parameter [1] as [INTEGER] - [30]
2019-11-11 14:54:42 TRACE BasicExtractor:60 - extracted value ([birthday2_3_0_] : [DATE]) - [1980-06-27]
2019-11-11 14:54:42 TRACE BasicExtractor:60 - extracted value ([gender3_3_0_] : [VARCHAR]) - [WOMAN]
2019-11-11 14:54:42 TRACE BasicExtractor:60 - extracted value ([name4_3_0_] : [VARCHAR]) - [Амелина Юлия Викторовна]
2019-11-11 14:54:42 TRACE CollectionType:817 - Created collection wrapper: [objectForStrokeBase.Teacher.groups#30]
2019-11-11 14:54:42 DEBUG SQL:103 - select groups0_.teacher_id as teacher_2_1_0_, groups0_.group_id as group_id1_1_0_, group1_.id as id1_0_1_, group1_.number as number2_0_1_ from group_teacher groups0_ inner join `group` group1_ on groups0_.group_id=group1_.id where groups0_.teacher_id=?
2019-11-11 14:54:42 TRACE BasicBinder:64 - binding parameter [1] as [INTEGER] - [30]
2019-11-11 14:54:42 TRACE BasicExtractor:60 - extracted value ([id1_0_1_] : [INTEGER]) - [52]
2019-11-11 14:54:42 TRACE BasicExtractor:60 - extracted value ([number2_0_1_] : [INTEGER]) - [421]
2019-11-11 14:54:42 TRACE BasicExtractor:60 - extracted value ([teacher_2_1_0_] : [INTEGER]) - [30]
2019-11-11 14:54:42 TRACE BasicExtractor:60 - extracted value ([group_id1_1_0_] : [INTEGER]) - [52]
2019-11-11 14:54:42 TRACE CollectionType:817 - Created collection wrapper: [objectForStrokeBase.Group.students#52]
2019-11-11 14:54:42 TRACE CollectionType:817 - Created collection wrapper: [objectForStrokeBase.Group.teachers#52]
2019-11-11 14:54:42 DEBUG SQL:103 - select group0_.id as id1_0_0_, group0_.number as number2_0_0_ from `group` group0_ where group0_.id=?
2019-11-11 14:54:42 TRACE BasicBinder:64 - binding parameter [1] as [INTEGER] - [59]
2019-11-11 14:54:42 TRACE BasicExtractor:60 - extracted value ([number2_0_0_] : [INTEGER]) - [451]
2019-11-11 14:54:42 TRACE CollectionType:817 - Created collection wrapper: [objectForStrokeBase.Group.students#59]
2019-11-11 14:54:42 TRACE CollectionType:817 - Created collection wrapper: [objectForStrokeBase.Group.teachers#59]
2019-11-11 14:54:42 DEBUG SQL:103 - delete from group_teacher where teacher_id=?
2019-11-11 14:54:42 TRACE BasicBinder:64 - binding parameter [1] as [INTEGER] - [30]
2019-11-11 14:54:42 DEBUG SQL:103 - insert into group_teacher (teacher_id, group_id) values (?, ?)
2019-11-11 14:54:42 TRACE BasicBinder:64 - binding parameter [1] as [INTEGER] - [30]
2019-11-11 14:54:42 TRACE BasicBinder:64 - binding parameter [2] as [INTEGER] - [52]
2019-11-11 14:54:42 DEBUG SQL:103 - insert into group_teacher (teacher_id, group_id) values (?, ?)
2019-11-11 14:54:42 TRACE BasicBinder:64 - binding parameter [1] as [INTEGER] - [30]
2019-11-11 14:54:42 TRACE BasicBinder:64 - binding parameter [2] as [INTEGER] - [59]
2019-11-11 14:54:44 DEBUG SQL:103 - select teacher0_.id as id1_3_0_, teacher0_.birthday as birthday2_3_0_, teacher0_.gender as gender3_3_0_, teacher0_.name as name4_3_0_ from teacher teacher0_ where teacher0_.id=?
2019-11-11 14:54:44 TRACE BasicBinder:64 - binding parameter [1] as [INTEGER] - [30]
2019-11-11 14:54:44 TRACE BasicExtractor:60 - extracted value ([birthday2_3_0_] : [DATE]) - [1980-06-27]
2019-11-11 14:54:44 TRACE BasicExtractor:60 - extracted value ([gender3_3_0_] : [VARCHAR]) - [WOMAN]
2019-11-11 14:54:44 TRACE BasicExtractor:60 - extracted value ([name4_3_0_] : [VARCHAR]) - [Амелина Юлия Викторовна]
2019-11-11 14:54:44 TRACE CollectionType:817 - Created collection wrapper: [objectForStrokeBase.Teacher.groups#30]
2019-11-11 14:54:44 DEBUG SQL:103 - select groups0_.teacher_id as teacher_2_1_0_, groups0_.group_id as group_id1_1_0_, group1_.id as id1_0_1_, group1_.number as number2_0_1_ from group_teacher groups0_ inner join `group` group1_ on groups0_.group_id=group1_.id where groups0_.teacher_id=?
2019-11-11 14:54:44 TRACE BasicBinder:64 - binding parameter [1] as [INTEGER] - [30]
2019-11-11 14:54:44 TRACE BasicExtractor:60 - extracted value ([id1_0_1_] : [INTEGER]) - [52]
2019-11-11 14:54:44 TRACE BasicExtractor:60 - extracted value ([number2_0_1_] : [INTEGER]) - [421]
2019-11-11 14:54:44 TRACE BasicExtractor:60 - extracted value ([teacher_2_1_0_] : [INTEGER]) - [30]
2019-11-11 14:54:44 TRACE BasicExtractor:60 - extracted value ([group_id1_1_0_] : [INTEGER]) - [52]
2019-11-11 14:54:44 TRACE BasicExtractor:60 - extracted value ([id1_0_1_] : [INTEGER]) - [59]
2019-11-11 14:54:44 TRACE BasicExtractor:60 - extracted value ([number2_0_1_] : [INTEGER]) - [451]
2019-11-11 14:54:44 TRACE BasicExtractor:60 - extracted value ([teacher_2_1_0_] : [INTEGER]) - [30]
2019-11-11 14:54:44 TRACE BasicExtractor:60 - extracted value ([group_id1_1_0_] : [INTEGER]) - [59]
2019-11-11 14:54:44 TRACE CollectionType:817 - Created collection wrapper: [objectForStrokeBase.Group.students#52]
2019-11-11 14:54:44 TRACE CollectionType:817 - Created collection wrapper: [objectForStrokeBase.Group.teachers#52]
2019-11-11 14:54:44 TRACE CollectionType:817 - Created collection wrapper: [objectForStrokeBase.Group.students#59]
2019-11-11 14:54:44 TRACE CollectionType:817 - Created collection wrapper: [objectForStrokeBase.Group.teachers#59]
2019-11-11 14:54:50 DEBUG SQL:103 - select teacher0_.id as id1_3_0_, teacher0_.birthday as birthday2_3_0_, teacher0_.gender as gender3_3_0_, teacher0_.name as name4_3_0_ from teacher teacher0_ where teacher0_.id=?
2019-11-11 14:54:50 TRACE BasicBinder:64 - binding parameter [1] as [INTEGER] - [451]
2019-11-11 14:54:58 DEBUG SQL:103 - select group0_.id as id1_0_, group0_.number as number2_0_ from `group` group0_ where group0_.number=?
2019-11-11 14:54:58 TRACE BasicBinder:64 - binding parameter [1] as [INTEGER] - [0]
2019-11-11 14:55:02 DEBUG SQL:103 - select teacher0_.id as id1_3_0_, teacher0_.birthday as birthday2_3_0_, teacher0_.gender as gender3_3_0_, teacher0_.name as name4_3_0_ from teacher teacher0_ where teacher0_.id=?
2019-11-11 14:55:02 TRACE BasicBinder:64 - binding parameter [1] as [INTEGER] - [30]
2019-11-11 14:55:02 TRACE BasicExtractor:60 - extracted value ([birthday2_3_0_] : [DATE]) - [1980-06-27]
2019-11-11 14:55:02 TRACE BasicExtractor:60 - extracted value ([gender3_3_0_] : [VARCHAR]) - [WOMAN]
2019-11-11 14:55:02 TRACE BasicExtractor:60 - extracted value ([name4_3_0_] : [VARCHAR]) - [Амелина Юлия Викторовна]
2019-11-11 14:55:02 TRACE CollectionType:817 - Created collection wrapper: [objectForStrokeBase.Teacher.groups#30]
2019-11-11 14:55:06 DEBUG SQL:103 - select group0_.id as id1_0_, group0_.number as number2_0_ from `group` group0_ where group0_.number=?
2019-11-11 14:55:06 TRACE BasicBinder:64 - binding parameter [1] as [INTEGER] - [451]
2019-11-11 14:55:06 TRACE BasicExtractor:60 - extracted value ([id1_0_] : [INTEGER]) - [59]
2019-11-11 14:55:06 TRACE BasicExtractor:60 - extracted value ([number2_0_] : [INTEGER]) - [451]
2019-11-11 14:55:06 TRACE CollectionType:817 - Created collection wrapper: [objectForStrokeBase.Group.students#59]
2019-11-11 14:55:06 TRACE CollectionType:817 - Created collection wrapper: [objectForStrokeBase.Group.teachers#59]
2019-11-11 14:55:06 DEBUG SQL:103 - select group0_.id as id1_0_, group0_.number as number2_0_ from `group` group0_ where group0_.number=?
2019-11-11 14:55:06 TRACE BasicBinder:64 - binding parameter [1] as [INTEGER] - [441]
2019-11-11 14:55:06 TRACE BasicExtractor:60 - extracted value ([id1_0_] : [INTEGER]) - [51]
2019-11-11 14:55:06 TRACE BasicExtractor:60 - extracted value ([number2_0_] : [INTEGER]) - [441]
2019-11-11 14:55:06 TRACE CollectionType:817 - Created collection wrapper: [objectForStrokeBase.Group.students#51]
2019-11-11 14:55:06 TRACE CollectionType:817 - Created collection wrapper: [objectForStrokeBase.Group.teachers#51]
2019-11-11 14:55:06 DEBUG SQL:103 - select groups0_.teacher_id as teacher_2_1_0_, groups0_.group_id as group_id1_1_0_, group1_.id as id1_0_1_, group1_.number as number2_0_1_ from group_teacher groups0_ inner join `group` group1_ on groups0_.group_id=group1_.id where groups0_.teacher_id=?
2019-11-11 14:55:06 TRACE BasicBinder:64 - binding parameter [1] as [INTEGER] - [30]
2019-11-11 14:55:06 TRACE BasicExtractor:60 - extracted value ([id1_0_1_] : [INTEGER]) - [52]
2019-11-11 14:55:06 TRACE BasicExtractor:60 - extracted value ([number2_0_1_] : [INTEGER]) - [421]
2019-11-11 14:55:06 TRACE BasicExtractor:60 - extracted value ([teacher_2_1_0_] : [INTEGER]) - [30]
2019-11-11 14:55:06 TRACE BasicExtractor:60 - extracted value ([group_id1_1_0_] : [INTEGER]) - [52]
2019-11-11 14:55:06 TRACE BasicExtractor:60 - extracted value ([id1_0_1_] : [INTEGER]) - [59]
2019-11-11 14:55:06 TRACE BasicExtractor:60 - extracted value ([number2_0_1_] : [INTEGER]) - [451]
2019-11-11 14:55:06 TRACE BasicExtractor:60 - extracted value ([teacher_2_1_0_] : [INTEGER]) - [30]
2019-11-11 14:55:06 TRACE BasicExtractor:60 - extracted value ([group_id1_1_0_] : [INTEGER]) - [59]
2019-11-11 14:55:06 TRACE CollectionType:817 - Created collection wrapper: [objectForStrokeBase.Group.students#52]
2019-11-11 14:55:06 TRACE CollectionType:817 - Created collection wrapper: [objectForStrokeBase.Group.teachers#52]
2019-11-11 14:55:06 TRACE CollectionType:817 - Created collection wrapper: [objectForStrokeBase.Group.students#59]
2019-11-11 14:55:06 TRACE CollectionType:817 - Created collection wrapper: [objectForStrokeBase.Group.teachers#59]
2019-11-11 14:55:06 DEBUG SQL:103 - select teacher0_.id as id1_3_0_, teacher0_.birthday as birthday2_3_0_, teacher0_.gender as gender3_3_0_, teacher0_.name as name4_3_0_ from teacher teacher0_ where teacher0_.id=?
2019-11-11 14:55:06 TRACE BasicBinder:64 - binding parameter [1] as [INTEGER] - [30]
2019-11-11 14:55:06 TRACE BasicExtractor:60 - extracted value ([birthday2_3_0_] : [DATE]) - [1980-06-27]
2019-11-11 14:55:06 TRACE BasicExtractor:60 - extracted value ([gender3_3_0_] : [VARCHAR]) - [WOMAN]
2019-11-11 14:55:06 TRACE BasicExtractor:60 - extracted value ([name4_3_0_] : [VARCHAR]) - [Амелина Юлия Викторовна]
2019-11-11 14:55:06 TRACE CollectionType:817 - Created collection wrapper: [objectForStrokeBase.Teacher.groups#30]
2019-11-11 14:55:06 DEBUG SQL:103 - select groups0_.teacher_id as teacher_2_1_0_, groups0_.group_id as group_id1_1_0_, group1_.id as id1_0_1_, group1_.number as number2_0_1_ from group_teacher groups0_ inner join `group` group1_ on groups0_.group_id=group1_.id where groups0_.teacher_id=?
2019-11-11 14:55:06 TRACE BasicBinder:64 - binding parameter [1] as [INTEGER] - [30]
2019-11-11 14:55:06 TRACE BasicExtractor:60 - extracted value ([id1_0_1_] : [INTEGER]) - [52]
2019-11-11 14:55:06 TRACE BasicExtractor:60 - extracted value ([number2_0_1_] : [INTEGER]) - [421]
2019-11-11 14:55:06 TRACE BasicExtractor:60 - extracted value ([teacher_2_1_0_] : [INTEGER]) - [30]
2019-11-11 14:55:06 TRACE BasicExtractor:60 - extracted value ([group_id1_1_0_] : [INTEGER]) - [52]
2019-11-11 14:55:06 TRACE BasicExtractor:60 - extracted value ([id1_0_1_] : [INTEGER]) - [59]
2019-11-11 14:55:06 TRACE BasicExtractor:60 - extracted value ([number2_0_1_] : [INTEGER]) - [451]
2019-11-11 14:55:06 TRACE BasicExtractor:60 - extracted value ([teacher_2_1_0_] : [INTEGER]) - [30]
2019-11-11 14:55:06 TRACE BasicExtractor:60 - extracted value ([group_id1_1_0_] : [INTEGER]) - [59]
2019-11-11 14:55:06 TRACE CollectionType:817 - Created collection wrapper: [objectForStrokeBase.Group.students#52]
2019-11-11 14:55:06 TRACE CollectionType:817 - Created collection wrapper: [objectForStrokeBase.Group.teachers#52]
2019-11-11 14:55:06 TRACE CollectionType:817 - Created collection wrapper: [objectForStrokeBase.Group.students#59]
2019-11-11 14:55:06 TRACE CollectionType:817 - Created collection wrapper: [objectForStrokeBase.Group.teachers#59]
2019-11-11 14:55:06 DEBUG SQL:103 - select group0_.id as id1_0_0_, group0_.number as number2_0_0_ from `group` group0_ where group0_.id=?
2019-11-11 14:55:06 TRACE BasicBinder:64 - binding parameter [1] as [INTEGER] - [51]
2019-11-11 14:55:06 TRACE BasicExtractor:60 - extracted value ([number2_0_0_] : [INTEGER]) - [441]
2019-11-11 14:55:06 TRACE CollectionType:817 - Created collection wrapper: [objectForStrokeBase.Group.students#51]
2019-11-11 14:55:06 TRACE CollectionType:817 - Created collection wrapper: [objectForStrokeBase.Group.teachers#51]
2019-11-11 14:55:06 DEBUG SQL:103 - delete from group_teacher where teacher_id=?
2019-11-11 14:55:06 TRACE BasicBinder:64 - binding parameter [1] as [INTEGER] - [30]
2019-11-11 14:55:06 DEBUG SQL:103 - insert into group_teacher (teacher_id, group_id) values (?, ?)
2019-11-11 14:55:06 TRACE BasicBinder:64 - binding parameter [1] as [INTEGER] - [30]
2019-11-11 14:55:06 TRACE BasicBinder:64 - binding parameter [2] as [INTEGER] - [52]
2019-11-11 14:55:06 DEBUG SQL:103 - insert into group_teacher (teacher_id, group_id) values (?, ?)
2019-11-11 14:55:06 TRACE BasicBinder:64 - binding parameter [1] as [INTEGER] - [30]
2019-11-11 14:55:06 TRACE BasicBinder:64 - binding parameter [2] as [INTEGER] - [51]
2019-11-11 14:55:09 DEBUG SQL:103 - select teacher0_.id as id1_3_0_, teacher0_.birthday as birthday2_3_0_, teacher0_.gender as gender3_3_0_, teacher0_.name as name4_3_0_ from teacher teacher0_ where teacher0_.id=?
2019-11-11 14:55:09 TRACE BasicBinder:64 - binding parameter [1] as [INTEGER] - [30]
2019-11-11 14:55:09 TRACE BasicExtractor:60 - extracted value ([birthday2_3_0_] : [DATE]) - [1980-06-27]
2019-11-11 14:55:09 TRACE BasicExtractor:60 - extracted value ([gender3_3_0_] : [VARCHAR]) - [WOMAN]
2019-11-11 14:55:09 TRACE BasicExtractor:60 - extracted value ([name4_3_0_] : [VARCHAR]) - [Амелина Юлия Викторовна]
2019-11-11 14:55:09 TRACE CollectionType:817 - Created collection wrapper: [objectForStrokeBase.Teacher.groups#30]
2019-11-11 14:55:09 DEBUG SQL:103 - select groups0_.teacher_id as teacher_2_1_0_, groups0_.group_id as group_id1_1_0_, group1_.id as id1_0_1_, group1_.number as number2_0_1_ from group_teacher groups0_ inner join `group` group1_ on groups0_.group_id=group1_.id where groups0_.teacher_id=?
2019-11-11 14:55:09 TRACE BasicBinder:64 - binding parameter [1] as [INTEGER] - [30]
2019-11-11 14:55:09 TRACE BasicExtractor:60 - extracted value ([id1_0_1_] : [INTEGER]) - [52]
2019-11-11 14:55:09 TRACE BasicExtractor:60 - extracted value ([number2_0_1_] : [INTEGER]) - [421]
2019-11-11 14:55:09 TRACE BasicExtractor:60 - extracted value ([teacher_2_1_0_] : [INTEGER]) - [30]
2019-11-11 14:55:09 TRACE BasicExtractor:60 - extracted value ([group_id1_1_0_] : [INTEGER]) - [52]
2019-11-11 14:55:09 TRACE BasicExtractor:60 - extracted value ([id1_0_1_] : [INTEGER]) - [51]
2019-11-11 14:55:09 TRACE BasicExtractor:60 - extracted value ([number2_0_1_] : [INTEGER]) - [441]
2019-11-11 14:55:09 TRACE BasicExtractor:60 - extracted value ([teacher_2_1_0_] : [INTEGER]) - [30]
2019-11-11 14:55:09 TRACE BasicExtractor:60 - extracted value ([group_id1_1_0_] : [INTEGER]) - [51]
2019-11-11 14:55:09 TRACE CollectionType:817 - Created collection wrapper: [objectForStrokeBase.Group.students#52]
2019-11-11 14:55:09 TRACE CollectionType:817 - Created collection wrapper: [objectForStrokeBase.Group.teachers#52]
2019-11-11 14:55:09 TRACE CollectionType:817 - Created collection wrapper: [objectForStrokeBase.Group.students#51]
2019-11-11 14:55:09 TRACE CollectionType:817 - Created collection wrapper: [objectForStrokeBase.Group.teachers#51]
2019-11-11 14:55:14 DEBUG SQL:103 - select teacher0_.id as id1_3_0_, teacher0_.birthday as birthday2_3_0_, teacher0_.gender as gender3_3_0_, teacher0_.name as name4_3_0_ from teacher teacher0_ where teacher0_.id=?
2019-11-11 14:55:14 TRACE BasicBinder:64 - binding parameter [1] as [INTEGER] - [30]
2019-11-11 14:55:14 TRACE BasicExtractor:60 - extracted value ([birthday2_3_0_] : [DATE]) - [1980-06-27]
2019-11-11 14:55:14 TRACE BasicExtractor:60 - extracted value ([gender3_3_0_] : [VARCHAR]) - [WOMAN]
2019-11-11 14:55:14 TRACE BasicExtractor:60 - extracted value ([name4_3_0_] : [VARCHAR]) - [Амелина Юлия Викторовна]
2019-11-11 14:55:14 TRACE CollectionType:817 - Created collection wrapper: [objectForStrokeBase.Teacher.groups#30]
2019-11-11 14:55:19 DEBUG SQL:103 - select group0_.id as id1_0_, group0_.number as number2_0_ from `group` group0_ where group0_.number=?
2019-11-11 14:55:19 TRACE BasicBinder:64 - binding parameter [1] as [INTEGER] - [421]
2019-11-11 14:55:19 TRACE BasicExtractor:60 - extracted value ([id1_0_] : [INTEGER]) - [52]
2019-11-11 14:55:19 TRACE BasicExtractor:60 - extracted value ([number2_0_] : [INTEGER]) - [421]
2019-11-11 14:55:19 TRACE CollectionType:817 - Created collection wrapper: [objectForStrokeBase.Group.students#52]
2019-11-11 14:55:19 TRACE CollectionType:817 - Created collection wrapper: [objectForStrokeBase.Group.teachers#52]
2019-11-11 14:55:19 DEBUG SQL:103 - select groups0_.teacher_id as teacher_2_1_0_, groups0_.group_id as group_id1_1_0_, group1_.id as id1_0_1_, group1_.number as number2_0_1_ from group_teacher groups0_ inner join `group` group1_ on groups0_.group_id=group1_.id where groups0_.teacher_id=?
2019-11-11 14:55:19 TRACE BasicBinder:64 - binding parameter [1] as [INTEGER] - [30]
2019-11-11 14:55:19 TRACE BasicExtractor:60 - extracted value ([id1_0_1_] : [INTEGER]) - [52]
2019-11-11 14:55:19 TRACE BasicExtractor:60 - extracted value ([number2_0_1_] : [INTEGER]) - [421]
2019-11-11 14:55:19 TRACE BasicExtractor:60 - extracted value ([teacher_2_1_0_] : [INTEGER]) - [30]
2019-11-11 14:55:19 TRACE BasicExtractor:60 - extracted value ([group_id1_1_0_] : [INTEGER]) - [52]
2019-11-11 14:55:19 TRACE BasicExtractor:60 - extracted value ([id1_0_1_] : [INTEGER]) - [51]
2019-11-11 14:55:19 TRACE BasicExtractor:60 - extracted value ([number2_0_1_] : [INTEGER]) - [441]
2019-11-11 14:55:19 TRACE BasicExtractor:60 - extracted value ([teacher_2_1_0_] : [INTEGER]) - [30]
2019-11-11 14:55:19 TRACE BasicExtractor:60 - extracted value ([group_id1_1_0_] : [INTEGER]) - [51]
2019-11-11 14:55:19 TRACE CollectionType:817 - Created collection wrapper: [objectForStrokeBase.Group.students#52]
2019-11-11 14:55:19 TRACE CollectionType:817 - Created collection wrapper: [objectForStrokeBase.Group.teachers#52]
2019-11-11 14:55:19 TRACE CollectionType:817 - Created collection wrapper: [objectForStrokeBase.Group.students#51]
2019-11-11 14:55:19 TRACE CollectionType:817 - Created collection wrapper: [objectForStrokeBase.Group.teachers#51]
2019-11-11 14:55:19 DEBUG SQL:103 - select teacher0_.id as id1_3_0_, teacher0_.birthday as birthday2_3_0_, teacher0_.gender as gender3_3_0_, teacher0_.name as name4_3_0_ from teacher teacher0_ where teacher0_.id=?
2019-11-11 14:55:19 TRACE BasicBinder:64 - binding parameter [1] as [INTEGER] - [30]
2019-11-11 14:55:19 TRACE BasicExtractor:60 - extracted value ([birthday2_3_0_] : [DATE]) - [1980-06-27]
2019-11-11 14:55:19 TRACE BasicExtractor:60 - extracted value ([gender3_3_0_] : [VARCHAR]) - [WOMAN]
2019-11-11 14:55:19 TRACE BasicExtractor:60 - extracted value ([name4_3_0_] : [VARCHAR]) - [Амелина Юлия Викторовна]
2019-11-11 14:55:19 TRACE CollectionType:817 - Created collection wrapper: [objectForStrokeBase.Teacher.groups#30]
2019-11-11 14:55:19 DEBUG SQL:103 - select groups0_.teacher_id as teacher_2_1_0_, groups0_.group_id as group_id1_1_0_, group1_.id as id1_0_1_, group1_.number as number2_0_1_ from group_teacher groups0_ inner join `group` group1_ on groups0_.group_id=group1_.id where groups0_.teacher_id=?
2019-11-11 14:55:19 TRACE BasicBinder:64 - binding parameter [1] as [INTEGER] - [30]
2019-11-11 14:55:19 TRACE BasicExtractor:60 - extracted value ([id1_0_1_] : [INTEGER]) - [52]
2019-11-11 14:55:19 TRACE BasicExtractor:60 - extracted value ([number2_0_1_] : [INTEGER]) - [421]
2019-11-11 14:55:19 TRACE BasicExtractor:60 - extracted value ([teacher_2_1_0_] : [INTEGER]) - [30]
2019-11-11 14:55:19 TRACE BasicExtractor:60 - extracted value ([group_id1_1_0_] : [INTEGER]) - [52]
2019-11-11 14:55:19 TRACE BasicExtractor:60 - extracted value ([id1_0_1_] : [INTEGER]) - [51]
2019-11-11 14:55:19 TRACE BasicExtractor:60 - extracted value ([number2_0_1_] : [INTEGER]) - [441]
2019-11-11 14:55:19 TRACE BasicExtractor:60 - extracted value ([teacher_2_1_0_] : [INTEGER]) - [30]
2019-11-11 14:55:19 TRACE BasicExtractor:60 - extracted value ([group_id1_1_0_] : [INTEGER]) - [51]
2019-11-11 14:55:19 TRACE CollectionType:817 - Created collection wrapper: [objectForStrokeBase.Group.students#52]
2019-11-11 14:55:19 TRACE CollectionType:817 - Created collection wrapper: [objectForStrokeBase.Group.teachers#52]
2019-11-11 14:55:19 TRACE CollectionType:817 - Created collection wrapper: [objectForStrokeBase.Group.students#51]
2019-11-11 14:55:19 TRACE CollectionType:817 - Created collection wrapper: [objectForStrokeBase.Group.teachers#51]
2019-11-11 14:55:19 DEBUG SQL:103 - delete from group_teacher where teacher_id=?
2019-11-11 14:55:19 TRACE BasicBinder:64 - binding parameter [1] as [INTEGER] - [30]
2019-11-11 14:55:19 DEBUG SQL:103 - insert into group_teacher (teacher_id, group_id) values (?, ?)
2019-11-11 14:55:19 TRACE BasicBinder:64 - binding parameter [1] as [INTEGER] - [30]
2019-11-11 14:55:19 TRACE BasicBinder:64 - binding parameter [2] as [INTEGER] - [51]
2019-11-11 14:55:23 DEBUG SQL:103 - select teacher0_.id as id1_3_0_, teacher0_.birthday as birthday2_3_0_, teacher0_.gender as gender3_3_0_, teacher0_.name as name4_3_0_ from teacher teacher0_ where teacher0_.id=?
2019-11-11 14:55:23 TRACE BasicBinder:64 - binding parameter [1] as [INTEGER] - [30]
2019-11-11 14:55:23 TRACE BasicExtractor:60 - extracted value ([birthday2_3_0_] : [DATE]) - [1980-06-27]
2019-11-11 14:55:23 TRACE BasicExtractor:60 - extracted value ([gender3_3_0_] : [VARCHAR]) - [WOMAN]
2019-11-11 14:55:23 TRACE BasicExtractor:60 - extracted value ([name4_3_0_] : [VARCHAR]) - [Амелина Юлия Викторовна]
2019-11-11 14:55:23 TRACE CollectionType:817 - Created collection wrapper: [objectForStrokeBase.Teacher.groups#30]
2019-11-11 14:55:23 DEBUG SQL:103 - select groups0_.teacher_id as teacher_2_1_0_, groups0_.group_id as group_id1_1_0_, group1_.id as id1_0_1_, group1_.number as number2_0_1_ from group_teacher groups0_ inner join `group` group1_ on groups0_.group_id=group1_.id where groups0_.teacher_id=?
2019-11-11 14:55:23 TRACE BasicBinder:64 - binding parameter [1] as [INTEGER] - [30]
2019-11-11 14:55:23 TRACE BasicExtractor:60 - extracted value ([id1_0_1_] : [INTEGER]) - [51]
2019-11-11 14:55:23 TRACE BasicExtractor:60 - extracted value ([number2_0_1_] : [INTEGER]) - [441]
2019-11-11 14:55:23 TRACE BasicExtractor:60 - extracted value ([teacher_2_1_0_] : [INTEGER]) - [30]
2019-11-11 14:55:23 TRACE BasicExtractor:60 - extracted value ([group_id1_1_0_] : [INTEGER]) - [51]
2019-11-11 14:55:23 TRACE CollectionType:817 - Created collection wrapper: [objectForStrokeBase.Group.students#51]
2019-11-11 14:55:23 TRACE CollectionType:817 - Created collection wrapper: [objectForStrokeBase.Group.teachers#51]
2019-11-11 14:55:27 DEBUG SQL:103 - select teacher0_.id as id1_3_0_, teacher0_.birthday as birthday2_3_0_, teacher0_.gender as gender3_3_0_, teacher0_.name as name4_3_0_ from teacher teacher0_ where teacher0_.id=?
2019-11-11 14:55:27 TRACE BasicBinder:64 - binding parameter [1] as [INTEGER] - [29]
2019-11-11 14:55:27 TRACE BasicExtractor:60 - extracted value ([birthday2_3_0_] : [DATE]) - [1978-02-10]
2019-11-11 14:55:27 TRACE BasicExtractor:60 - extracted value ([gender3_3_0_] : [VARCHAR]) - [MAN]
2019-11-11 14:55:27 TRACE BasicExtractor:60 - extracted value ([name4_3_0_] : [VARCHAR]) - [Лукомксий Дмитрий Сергеевич]
2019-11-11 14:55:27 TRACE CollectionType:817 - Created collection wrapper: [objectForStrokeBase.Teacher.groups#29]
2019-11-11 14:55:30 DEBUG SQL:103 - select group0_.id as id1_0_, group0_.number as number2_0_ from `group` group0_ where group0_.number=?
2019-11-11 14:55:30 TRACE BasicBinder:64 - binding parameter [1] as [INTEGER] - [441]
2019-11-11 14:55:30 TRACE BasicExtractor:60 - extracted value ([id1_0_] : [INTEGER]) - [51]
2019-11-11 14:55:30 TRACE BasicExtractor:60 - extracted value ([number2_0_] : [INTEGER]) - [441]
2019-11-11 14:55:30 TRACE CollectionType:817 - Created collection wrapper: [objectForStrokeBase.Group.students#51]
2019-11-11 14:55:30 TRACE CollectionType:817 - Created collection wrapper: [objectForStrokeBase.Group.teachers#51]
2019-11-11 14:55:30 DEBUG SQL:103 - select groups0_.teacher_id as teacher_2_1_0_, groups0_.group_id as group_id1_1_0_, group1_.id as id1_0_1_, group1_.number as number2_0_1_ from group_teacher groups0_ inner join `group` group1_ on groups0_.group_id=group1_.id where groups0_.teacher_id=?
2019-11-11 14:55:30 TRACE BasicBinder:64 - binding parameter [1] as [INTEGER] - [29]
2019-11-11 14:55:30 TRACE BasicExtractor:60 - extracted value ([id1_0_1_] : [INTEGER]) - [51]
2019-11-11 14:55:30 TRACE BasicExtractor:60 - extracted value ([number2_0_1_] : [INTEGER]) - [441]
2019-11-11 14:55:30 TRACE BasicExtractor:60 - extracted value ([teacher_2_1_0_] : [INTEGER]) - [29]
2019-11-11 14:55:30 TRACE BasicExtractor:60 - extracted value ([group_id1_1_0_] : [INTEGER]) - [51]
2019-11-11 14:55:30 TRACE BasicExtractor:60 - extracted value ([id1_0_1_] : [INTEGER]) - [52]
2019-11-11 14:55:30 TRACE BasicExtractor:60 - extracted value ([number2_0_1_] : [INTEGER]) - [421]
2019-11-11 14:55:30 TRACE BasicExtractor:60 - extracted value ([teacher_2_1_0_] : [INTEGER]) - [29]
2019-11-11 14:55:30 TRACE BasicExtractor:60 - extracted value ([group_id1_1_0_] : [INTEGER]) - [52]
2019-11-11 14:55:30 TRACE CollectionType:817 - Created collection wrapper: [objectForStrokeBase.Group.students#51]
2019-11-11 14:55:30 TRACE CollectionType:817 - Created collection wrapper: [objectForStrokeBase.Group.teachers#51]
2019-11-11 14:55:30 TRACE CollectionType:817 - Created collection wrapper: [objectForStrokeBase.Group.students#52]
2019-11-11 14:55:30 TRACE CollectionType:817 - Created collection wrapper: [objectForStrokeBase.Group.teachers#52]
2019-11-11 14:55:30 DEBUG SQL:103 - select teacher0_.id as id1_3_0_, teacher0_.birthday as birthday2_3_0_, teacher0_.gender as gender3_3_0_, teacher0_.name as name4_3_0_ from teacher teacher0_ where teacher0_.id=?
2019-11-11 14:55:30 TRACE BasicBinder:64 - binding parameter [1] as [INTEGER] - [29]
2019-11-11 14:55:30 TRACE BasicExtractor:60 - extracted value ([birthday2_3_0_] : [DATE]) - [1978-02-10]
2019-11-11 14:55:30 TRACE BasicExtractor:60 - extracted value ([gender3_3_0_] : [VARCHAR]) - [MAN]
2019-11-11 14:55:30 TRACE BasicExtractor:60 - extracted value ([name4_3_0_] : [VARCHAR]) - [Лукомксий Дмитрий Сергеевич]
2019-11-11 14:55:30 TRACE CollectionType:817 - Created collection wrapper: [objectForStrokeBase.Teacher.groups#29]
2019-11-11 14:55:30 DEBUG SQL:103 - select groups0_.teacher_id as teacher_2_1_0_, groups0_.group_id as group_id1_1_0_, group1_.id as id1_0_1_, group1_.number as number2_0_1_ from group_teacher groups0_ inner join `group` group1_ on groups0_.group_id=group1_.id where groups0_.teacher_id=?
2019-11-11 14:55:30 TRACE BasicBinder:64 - binding parameter [1] as [INTEGER] - [29]
2019-11-11 14:55:30 TRACE BasicExtractor:60 - extracted value ([id1_0_1_] : [INTEGER]) - [51]
2019-11-11 14:55:30 TRACE BasicExtractor:60 - extracted value ([number2_0_1_] : [INTEGER]) - [441]
2019-11-11 14:55:30 TRACE BasicExtractor:60 - extracted value ([teacher_2_1_0_] : [INTEGER]) - [29]
2019-11-11 14:55:30 TRACE BasicExtractor:60 - extracted value ([group_id1_1_0_] : [INTEGER]) - [51]
2019-11-11 14:55:30 TRACE BasicExtractor:60 - extracted value ([id1_0_1_] : [INTEGER]) - [52]
2019-11-11 14:55:30 TRACE BasicExtractor:60 - extracted value ([number2_0_1_] : [INTEGER]) - [421]
2019-11-11 14:55:30 TRACE BasicExtractor:60 - extracted value ([teacher_2_1_0_] : [INTEGER]) - [29]
2019-11-11 14:55:30 TRACE BasicExtractor:60 - extracted value ([group_id1_1_0_] : [INTEGER]) - [52]
2019-11-11 14:55:30 TRACE CollectionType:817 - Created collection wrapper: [objectForStrokeBase.Group.students#51]
2019-11-11 14:55:30 TRACE CollectionType:817 - Created collection wrapper: [objectForStrokeBase.Group.teachers#51]
2019-11-11 14:55:30 TRACE CollectionType:817 - Created collection wrapper: [objectForStrokeBase.Group.students#52]
2019-11-11 14:55:30 TRACE CollectionType:817 - Created collection wrapper: [objectForStrokeBase.Group.teachers#52]
2019-11-11 14:55:30 DEBUG SQL:103 - delete from group_teacher where teacher_id=?
2019-11-11 14:55:30 TRACE BasicBinder:64 - binding parameter [1] as [INTEGER] - [29]
2019-11-11 14:55:30 DEBUG SQL:103 - insert into group_teacher (teacher_id, group_id) values (?, ?)
2019-11-11 14:55:30 TRACE BasicBinder:64 - binding parameter [1] as [INTEGER] - [29]
2019-11-11 14:55:30 TRACE BasicBinder:64 - binding parameter [2] as [INTEGER] - [52]
2019-11-11 14:55:32 DEBUG SQL:103 - select teacher0_.id as id1_3_0_, teacher0_.birthday as birthday2_3_0_, teacher0_.gender as gender3_3_0_, teacher0_.name as name4_3_0_ from teacher teacher0_ where teacher0_.id=?
2019-11-11 14:55:32 TRACE BasicBinder:64 - binding parameter [1] as [INTEGER] - [29]
2019-11-11 14:55:32 TRACE BasicExtractor:60 - extracted value ([birthday2_3_0_] : [DATE]) - [1978-02-10]
2019-11-11 14:55:32 TRACE BasicExtractor:60 - extracted value ([gender3_3_0_] : [VARCHAR]) - [MAN]
2019-11-11 14:55:32 TRACE BasicExtractor:60 - extracted value ([name4_3_0_] : [VARCHAR]) - [Лукомксий Дмитрий Сергеевич]
2019-11-11 14:55:32 TRACE CollectionType:817 - Created collection wrapper: [objectForStrokeBase.Teacher.groups#29]
2019-11-11 14:55:32 DEBUG SQL:103 - select groups0_.teacher_id as teacher_2_1_0_, groups0_.group_id as group_id1_1_0_, group1_.id as id1_0_1_, group1_.number as number2_0_1_ from group_teacher groups0_ inner join `group` group1_ on groups0_.group_id=group1_.id where groups0_.teacher_id=?
2019-11-11 14:55:32 TRACE BasicBinder:64 - binding parameter [1] as [INTEGER] - [29]
2019-11-11 14:55:32 TRACE BasicExtractor:60 - extracted value ([id1_0_1_] : [INTEGER]) - [52]
2019-11-11 14:55:32 TRACE BasicExtractor:60 - extracted value ([number2_0_1_] : [INTEGER]) - [421]
2019-11-11 14:55:32 TRACE BasicExtractor:60 - extracted value ([teacher_2_1_0_] : [INTEGER]) - [29]
2019-11-11 14:55:32 TRACE BasicExtractor:60 - extracted value ([group_id1_1_0_] : [INTEGER]) - [52]
2019-11-11 14:55:32 TRACE CollectionType:817 - Created collection wrapper: [objectForStrokeBase.Group.students#52]
2019-11-11 14:55:32 TRACE CollectionType:817 - Created collection wrapper: [objectForStrokeBase.Group.teachers#52]
